Save repository element : /DENUE/Transformaciones/CSV_a_TMP : Checked in
Save repository element : /DENUE/Transformaciones/CSV_a_TMP2 : Checked in
Save repository element : /DENUE/Transformaciones/DWH_ACTIVIDAD : Checked in
Save repository element : /DENUE/Transformaciones/DWH_ENTIDAD : Checked in
Save repository element : /DENUE/Transformaciones/DWH_LOCALIDAD : Checked in
Save repository element : /DENUE/Transformaciones/DWH_MUNICIPIO : Checked in
Save repository element : /DENUE/Transformaciones/DWH_ZONA : Checked in
Save repository element : /DENUE/Transformaciones/DWH_ZONA_GEOGRAFICA : Checked in
Save repository element : /DENUE/Transformaciones/DWN_ESTABLECIMIENTO : Checked in
Save repository element : /DENUE/Transformaciones/SP_ESTADISTICA : Checked in
Save repository element : /DENUE/Transformaciones/SP_ZONA : Checked in
Save repository element : /DENUE/Transformaciones/TMP_ESTADISTICA : Checked in
Save repository element : /Ejercicio1/TRANSFORMACIONES/Tranforma_archivo_Municipios : Checked in
Save repository element : /Ejercicio2/Transformaciones/DWH_CLIENTE : Checked in
Save repository element : /Ejercicio2/Transformaciones/DWH_FACT_VENTAS : Checked in
Save repository element : /Ejercicio2/Transformaciones/DWH_FACT_VENTAS_SP : Checked in
Save repository element : /Ejercicio2/Transformaciones/DWH_vendedor : Checked in
Save repository element : /Ejercicio2/Transformaciones/DWH_ZONA : Checked in
Save repository element : /Ejercicio2/Transformaciones/PRO_DIM_TIEMPO : Checked in
Save repository element : /Ejercicio2/Transformaciones/TMP_CLIENTES : Checked in
Save repository element : /Ejercicio2/Transformaciones/TMP_FACT_VENTAS : Checked in
Save repository element : /Ejercicio2/Transformaciones/TMP_VENDEDORES : Checked in
Save repository element : /Ejercicio2/Transformaciones/TMP_VENTAS : Checked in
Save repository element : /Ejercicio2/Transformaciones/TMP_ZONAS : Checked in
Save repository element : /DENUE/JOBS/CargaDatos2020 : Checked in
Save repository element : /Ejercicio2/JOBS/CARGA_DATAMART_VENTAS : Checked in
Save repository element : /Ejercicio2/JOBS/CARGA_DATAMART_VENTAS_SP : Checked in
Save repository element : /DENUE/Transformaciones/CSV_a_TMP : Checked in
Save repository element : /DENUE/Transformaciones/CSV_a_TMP2 : Checked in
Save repository element : /DENUE/Transformaciones/DWH_ACTIVIDAD : Checked in
Save repository element : /DENUE/Transformaciones/DWH_ENTIDAD : Checked in
Save repository element : /DENUE/Transformaciones/DWH_LOCALIDAD : Checked in
Save repository element : /DENUE/Transformaciones/DWH_MUNICIPIO : Checked in
Save repository element : /DENUE/Transformaciones/DWH_ZONA : Checked in
Save repository element : /DENUE/Transformaciones/DWH_ZONA_GEOGRAFICA : Checked in
Save repository element : /DENUE/Transformaciones/SP_ESTABLECIMIENTO : Checked in
Save repository element : /DENUE/Transformaciones/SP_ESTADISTICA : Checked in
Save repository element : /DENUE/Transformaciones/SP_TMP_UNION : Checked in
Save repository element : /DENUE/Transformaciones/SP_ZONA : Checked in
Save repository element : /DENUE/Transformaciones/TMP_ESTADISTICA : Checked in
Save repository element : /Ejercicio1/TRANSFORMACIONES/Tranforma_archivo_Municipios : Checked in
Save repository element : /Ejercicio2/Transformaciones/DWH_CLIENTE : Checked in
Save repository element : /Ejercicio2/Transformaciones/DWH_FACT_VENTAS : Checked in
Save repository element : /Ejercicio2/Transformaciones/DWH_FACT_VENTAS_SP : Checked in
Save repository element : /Ejercicio2/Transformaciones/DWH_vendedor : Checked in
Save repository element : /Ejercicio2/Transformaciones/DWH_ZONA : Checked in
Save repository element : /Ejercicio2/Transformaciones/PRO_DIM_TIEMPO : Checked in
Save repository element : /Ejercicio2/Transformaciones/TMP_CLIENTES : Checked in
Save repository element : /Ejercicio2/Transformaciones/TMP_FACT_VENTAS : Checked in
Save repository element : /Ejercicio2/Transformaciones/TMP_VENDEDORES : Checked in
Save repository element : /Ejercicio2/Transformaciones/TMP_VENTAS : Checked in
Save repository element : /Ejercicio2/Transformaciones/TMP_ZONAS : Checked in
Save repository element : /DENUE/JOBS/CargaDatos2020 : Checked in
Save repository element : /Ejercicio2/JOBS/CARGA_DATAMART_VENTAS : Checked in
Save repository element : /Ejercicio2/JOBS/CARGA_DATAMART_VENTAS_SP : Checked in
